<?xml version="1.0" encoding="UTF-8"?>
<robot generator="Robot 6.1.1 (Python 3.12.0 on win32)" generated="20231124 18:26:54.583" rpa="false" schemaversion="4">
<suite id="s1" name="Login Pg" source="D:\Robot_Python\Tests\Login_Pg.robot">
<test id="s1-t1" name="This is login Page" line="7">
<kw name="Open Browser" library="SeleniumLibrary">
<arg>http://192.168.2.1/</arg>
<arg>chrome</arg>
<doc>Opens a new browser instance to the optional ``url``.</doc>
<msg timestamp="20231124 18:26:55.167" level="INFO">Opening browser 'chrome' to base url 'http://192.168.2.1/'.</msg>
<status status="PASS" starttime="20231124 18:26:55.167" endtime="20231124 18:27:08.648"/>
</kw>
<kw name="Maximize Browser Window" library="SeleniumLibrary">
<doc>Maximizes current browser window.</doc>
<status status="PASS" starttime="20231124 18:27:08.649" endtime="20231124 18:27:08.781"/>
</kw>
<kw name="Input Text" library="SeleniumLibrary">
<arg>//input[@id="username"]</arg>
<arg>admin</arg>
<doc>Types the given ``text`` into the text field identified by ``locator``.</doc>
<msg timestamp="20231124 18:27:08.783" level="INFO">Typing text 'admin' into text field '//input[@id="username"]'.</msg>
<status status="PASS" starttime="20231124 18:27:08.782" endtime="20231124 18:27:09.223"/>
</kw>
<kw name="Input Text" library="SeleniumLibrary">
<arg>//input[@id="password"]</arg>
<arg>Qwerty@123</arg>
<doc>Types the given ``text`` into the text field identified by ``locator``.</doc>
<msg timestamp="20231124 18:27:09.226" level="INFO">Typing text 'Qwerty@123' into text field '//input[@id="password"]'.</msg>
<status status="PASS" starttime="20231124 18:27:09.224" endtime="20231124 18:27:09.628"/>
</kw>
<kw name="Sleep" library="BuiltIn">
<arg>3s</arg>
<doc>Pauses the test executed for the given time.</doc>
<msg timestamp="20231124 18:27:12.634" level="INFO">Slept 3 seconds</msg>
<status status="PASS" starttime="20231124 18:27:09.632" endtime="20231124 18:27:12.634"/>
</kw>
<kw name="Click Button" library="SeleniumLibrary">
<arg>Log in</arg>
<doc>Clicks the button identified by ``locator``.</doc>
<msg timestamp="20231124 18:27:12.635" level="INFO">Clicking button 'Log in'.</msg>
<status status="PASS" starttime="20231124 18:27:12.635" endtime="20231124 18:27:12.877"/>
</kw>
<kw name="Sleep" library="BuiltIn">
<arg>5s</arg>
<doc>Pauses the test executed for the given time.</doc>
<msg timestamp="20231124 18:27:17.879" level="INFO">Slept 5 seconds</msg>
<status status="PASS" starttime="20231124 18:27:12.878" endtime="20231124 18:27:17.879"/>
</kw>
<kw name="Log" library="BuiltIn">
<arg>login Sucessfully</arg>
<doc>Logs the given message with the given level.</doc>
<msg timestamp="20231124 18:27:17.879" level="INFO">login Sucessfully</msg>
<status status="PASS" starttime="20231124 18:27:17.879" endtime="20231124 18:27:17.879"/>
</kw>
<doc>For Login page</doc>
<tag>open_Browser, enter a username and password, click login</tag>
<status status="PASS" starttime="20231124 18:26:55.166" endtime="20231124 18:27:17.879"/>
</test>
<doc>This is a Documentation for TRB140</doc>
<status status="PASS" starttime="20231124 18:26:54.587" endtime="20231124 18:27:17.884"/>
</suite>
<statistics>
<total>
<stat pass="1" fail="0" skip="0">All Tests</stat>
</total>
<tag>
<stat pass="1" fail="0" skip="0">open_Browser, enter a username and password, click login</stat>
</tag>
<suite>
<stat pass="1" fail="0" skip="0" id="s1" name="Login Pg">Login Pg</stat>
</suite>
</statistics>
<errors>
</errors>
</robot>
